2024-12-18 12:50:23,943 [Worker-4: Loading available Gradle versions] INFO  o.e.b.c.i.u.g.PublishedGradleVersions - Gradle version information cache is out-of-date. Trying to update.
2024-12-18 12:51:14,140 [Worker-1: Loading available Gradle versions] INFO  o.e.b.c.i.u.g.PublishedGradleVersions - Gradle version information cache is up-to-date. Trying to read.
2024-12-18 12:55:08,024 [Worker-0: Loading available Gradle versions] INFO  o.e.b.c.i.u.g.PublishedGradleVersions - Gradle version information cache is up-to-date. Trying to read.
2024-12-18 12:56:05,282 [Worker-6: Update Maven projects configuration] INFO  o.e.m.c.i.p.ProjectConfigurationManager - Update started
2024-12-18 12:56:22,629 [Worker-6: Update Maven projects configuration] INFO  o.e.m.c.i.l.LifecycleMappingFactory - Using org.maven.ide.eclipse.wtp.WarLifecycleMapping lifecycle mapping for MavenProject: com.invoiceprocessing:server:0.0.1-SNAPSHOT @ E:\Invoice-Proccessing-System\server\pom.xml.
2024-12-18 12:56:51,615 [Worker-0: Building] INFO  o.a.m.s.f.DefaultMavenResourcesFiltering - Copying 1 resource from src\main\resources to target\classes
2024-12-18 12:56:51,661 [Worker-0: Building] INFO  o.a.m.s.f.DefaultMavenResourcesFiltering - Copying 0 resource from src\main\resources to target\classes
2024-12-18 12:56:51,670 [Worker-0: Building] INFO  o.a.m.s.f.DefaultMavenResourcesFiltering - skip non existing resourceDirectory E:\Invoice-Proccessing-System\server\src\test\resources
2024-12-18 12:56:52,955 [Worker-6: Update Maven projects configuration] INFO  o.e.m.j.i.AbstractJavaProjectConfigurator - Adding source folder /server/src/main/java
2024-12-18 12:56:52,958 [Worker-6: Update Maven projects configuration] INFO  o.e.m.j.i.AbstractJavaProjectConfigurator - Adding resource folder /server/src/main/resources
2024-12-18 12:56:52,979 [Worker-6: Update Maven projects configuration] INFO  o.e.m.j.i.AbstractJavaProjectConfigurator - Adding resource folder /server/src/main/resources
2024-12-18 12:56:52,998 [Worker-6: Update Maven projects configuration] INFO  o.e.m.j.i.AbstractJavaProjectConfigurator - Adding source folder /server/src/test/java
2024-12-18 12:56:53,001 [Worker-6: Update Maven projects configuration] INFO  o.e.m.j.i.AbstractJavaProjectConfigurator - Adding resource folder /server/src/test/resources
2024-12-18 12:57:13,269 [Worker-5: Building] INFO  o.a.m.s.f.DefaultMavenResourcesFiltering - Copying 1 resource from src\main\resources to target\classes
2024-12-18 12:57:13,291 [Worker-5: Building] INFO  o.a.m.s.f.DefaultMavenResourcesFiltering - Copying 0 resource from src\main\resources to target\classes
2024-12-18 12:57:13,299 [Worker-5: Building] INFO  o.a.m.s.f.DefaultMavenResourcesFiltering - skip non existing resourceDirectory E:\Invoice-Proccessing-System\server\src\test\resources
2024-12-18 12:57:26,139 [Worker-4: Building] INFO  o.a.m.s.f.DefaultMavenResourcesFiltering - Copying 1 resource from src\main\resources to target\classes
2024-12-18 12:57:26,142 [Worker-4: Building] INFO  o.a.m.s.f.DefaultMavenResourcesFiltering - Copying 0 resource from src\main\resources to target\classes
2024-12-18 12:57:26,148 [Worker-4: Building] INFO  o.a.m.s.f.DefaultMavenResourcesFiltering - skip non existing resourceDirectory E:\Invoice-Proccessing-System\server\src\test\resources
2024-12-18 12:57:39,811 [Worker-6: Update Maven projects configuration] INFO  o.e.m.c.i.e.AbstractTransferListenerAdapter - Downloading https://repo.maven.apache.org/maven2/org/apache/maven/plugins/maven-clean-plugin/3.4.0/maven-clean-plugin-3.4.0.pom
2024-12-18 12:57:39,935 [Worker-6: Update Maven projects configuration] INFO  o.e.m.c.i.e.AbstractTransferListenerAdapter - Downloaded https://repo.maven.apache.org/maven2/org/apache/maven/plugins/maven-clean-plugin/3.4.0/maven-clean-plugin-3.4.0.pom
2024-12-18 12:57:42,739 [Worker-6: Update Maven projects configuration] INFO  o.e.m.c.i.p.ProjectConfigurationManager - Update completed for 1 poms: local refresh takes 0.00 sec, refresh facades takes 39.00 sec, update config takes 57.00 sec 
2024-12-20 23:53:03,544 [Worker-2: Loading available Gradle versions] INFO  o.e.b.c.i.u.g.PublishedGradleVersions - Gradle version information cache is out-of-date. Trying to update.
2024-12-21 17:36:03,651 [Worker-2: Loading available Gradle versions] INFO  o.e.b.c.i.u.g.PublishedGradleVersions - Gradle version information cache is up-to-date. Trying to read.
2024-12-26 10:32:14,371 [Worker-0: Loading available Gradle versions] INFO  o.e.b.c.i.u.g.PublishedGradleVersions - Gradle version information cache is out-of-date. Trying to update.
2024-12-28 16:04:02,960 [Worker-1: Loading available Gradle versions] INFO  o.e.b.c.i.u.g.PublishedGradleVersions - Gradle version information cache is out-of-date. Trying to update.
2024-12-28 16:32:05,664 [Worker-11: Building] INFO  o.e.m.c.i.e.AbstractTransferListenerAdapter - Downloading https://repo.maven.apache.org/maven2/org/projectlombok/lombok/1.18.36/lombok-1.18.36.pom
2024-12-28 16:32:05,798 [Worker-11: Building] INFO  o.e.m.c.i.e.AbstractTransferListenerAdapter - Downloaded https://repo.maven.apache.org/maven2/org/projectlombok/lombok/1.18.36/lombok-1.18.36.pom
2024-12-28 16:32:06,223 [Worker-11: Building] INFO  o.e.m.c.i.e.AbstractTransferListenerAdapter - Downloading https://repo.maven.apache.org/maven2/org/projectlombok/lombok/1.18.36/lombok-1.18.36.jar
2024-12-28 16:32:06,766 [Worker-11: Building] INFO  o.e.m.c.i.e.AbstractTransferListenerAdapter - Downloaded https://repo.maven.apache.org/maven2/org/projectlombok/lombok/1.18.36/lombok-1.18.36.jar
2024-12-28 16:32:11,045 [Worker-11: Building] INFO  o.e.m.c.i.l.LifecycleMappingFactory - Using org.maven.ide.eclipse.wtp.WarLifecycleMapping lifecycle mapping for MavenProject: com.invoiceprocessing:server:0.0.1-SNAPSHOT @ E:\Invoice-Proccessing-System\server\pom.xml.
2024-12-28 16:32:19,533 [Worker-11: Building] INFO  o.a.m.s.f.DefaultMavenResourcesFiltering - Copying 1 resource from src\main\resources to target\classes
2024-12-28 16:32:19,568 [Worker-11: Building] INFO  o.a.m.s.f.DefaultMavenResourcesFiltering - Copying 0 resource from src\main\resources to target\classes
2024-12-28 16:32:19,581 [Worker-11: Building] INFO  o.a.m.s.f.DefaultMavenResourcesFiltering - skip non existing resourceDirectory E:\Invoice-Proccessing-System\server\src\test\resources
2024-12-28 16:32:19,987 [Worker-10: Download sources and javadoc] INFO  o.e.m.c.i.e.AbstractTransferListenerAdapter - Downloading https://repo.maven.apache.org/maven2/org/projectlombok/lombok/1.18.36/lombok-1.18.36-sources.jar
2024-12-28 16:32:21,052 [Worker-10: Download sources and javadoc] INFO  o.e.m.c.i.e.AbstractTransferListenerAdapter - Downloaded https://repo.maven.apache.org/maven2/org/projectlombok/lombok/1.18.36/lombok-1.18.36-sources.jar
2024-12-28 16:32:21,255 [Worker-10: Download sources and javadoc] INFO  o.e.m.j.internal.DownloadSourcesJob - Downloaded sources for org.projectlombok:lombok:1.18.36
2024-12-28 16:32:24,604 [Worker-1: Building] INFO  o.a.m.s.f.DefaultMavenResourcesFiltering - Copying 1 resource from src\main\resources to target\classes
2024-12-28 16:32:24,624 [Worker-1: Building] INFO  o.a.m.s.f.DefaultMavenResourcesFiltering - Copying 0 resource from src\main\resources to target\classes
2024-12-28 16:32:24,634 [Worker-1: Building] INFO  o.a.m.s.f.DefaultMavenResourcesFiltering - skip non existing resourceDirectory E:\Invoice-Proccessing-System\server\src\test\resources
2024-12-28 16:40:48,004 [Worker-18: Building] INFO  o.a.m.s.f.DefaultMavenResourcesFiltering - Copying 1 resource from src\main\resources to target\classes
2024-12-28 16:40:48,015 [Worker-18: Building] INFO  o.a.m.s.f.DefaultMavenResourcesFiltering - Copying 0 resource from src\main\resources to target\classes
2024-12-28 16:40:48,021 [Worker-18: Building] INFO  o.a.m.s.f.DefaultMavenResourcesFiltering - skip non existing resourceDirectory E:\Invoice-Proccessing-System\server\src\test\resources
2024-12-28 16:41:10,398 [Start Help Server] INFO  org.eclipse.jetty.server.Server - jetty-12.0.9; built: 2024-05-03T13:03:17.262Z; git: efe8023327e67287f9bfd006700e6a71d45b5dd6; jvm 22.0.1+8
2024-12-28 16:41:10,547 [Start Help Server] INFO  o.e.j.server.handler.ContextHandler - Started oeje8n.ContextHandler$CoreContextHandler@380c69fc{/help,/help,b=null,a=AVAILABLE,h=oeje8n.ContextHandler$CoreContextHandler$CoreToNestedHandler@3aec34a1{STARTED}}
2024-12-28 16:41:10,548 [Start Help Server] INFO  o.e.j.s.DefaultSessionIdManager - Session workerName=node0
2024-12-28 16:41:10,604 [Start Help Server] INFO  o.e.jetty.server.AbstractConnector - Started ServerConnector@4211e592{HTTP/1.1, (http/1.1)}{127.0.0.1:49491}
2024-12-28 16:41:10,663 [Start Help Server] INFO  org.eclipse.jetty.server.Server - Started oejs.Server@1baffee5{STARTING}[12.0.9,sto=0] @2506679ms
2024-12-28 16:41:11,752 [Worker-11: Building] INFO  o.a.m.s.f.DefaultMavenResourcesFiltering - Copying 1 resource from src\main\resources to target\classes
2024-12-28 16:41:11,766 [Worker-11: Building] INFO  o.a.m.s.f.DefaultMavenResourcesFiltering - Copying 0 resource from src\main\resources to target\classes
2024-12-28 16:41:11,773 [Worker-11: Building] INFO  o.a.m.s.f.DefaultMavenResourcesFiltering - skip non existing resourceDirectory E:\Invoice-Proccessing-System\server\src\test\resources
2024-12-28 16:41:37,617 [Worker-18: Building] INFO  o.a.m.s.f.DefaultMavenResourcesFiltering - Copying 1 resource from src\main\resources to target\classes
2024-12-28 16:41:37,625 [Worker-18: Building] INFO  o.a.m.s.f.DefaultMavenResourcesFiltering - Copying 0 resource from src\main\resources to target\classes
2024-12-28 16:41:37,634 [Worker-18: Building] INFO  o.a.m.s.f.DefaultMavenResourcesFiltering - skip non existing resourceDirectory E:\Invoice-Proccessing-System\server\src\test\resources
2024-12-28 16:43:30,917 [Worker-21: Building] INFO  o.a.m.s.f.DefaultMavenResourcesFiltering - Copying 1 resource from src\main\resources to target\classes
2024-12-28 16:43:30,923 [Worker-21: Building] INFO  o.a.m.s.f.DefaultMavenResourcesFiltering - Copying 0 resource from src\main\resources to target\classes
2024-12-28 16:43:30,929 [Worker-21: Building] INFO  o.a.m.s.f.DefaultMavenResourcesFiltering - skip non existing resourceDirectory E:\Invoice-Proccessing-System\server\src\test\resources
2024-12-28 16:43:47,341 [Worker-21: Building] INFO  o.a.m.s.f.DefaultMavenResourcesFiltering - Copying 1 resource from src\main\resources to target\classes
2024-12-28 16:43:47,348 [Worker-21: Building] INFO  o.a.m.s.f.DefaultMavenResourcesFiltering - Copying 0 resource from src\main\resources to target\classes
2024-12-28 16:43:47,407 [Worker-21: Building] INFO  o.a.m.s.f.DefaultMavenResourcesFiltering - skip non existing resourceDirectory E:\Invoice-Proccessing-System\server\src\test\resources
2024-12-28 16:44:35,716 [Worker-18: Building] INFO  o.a.m.s.f.DefaultMavenResourcesFiltering - Copying 1 resource from src\main\resources to target\classes
2024-12-28 16:44:35,723 [Worker-18: Building] INFO  o.a.m.s.f.DefaultMavenResourcesFiltering - Copying 0 resource from src\main\resources to target\classes
2024-12-28 16:44:35,734 [Worker-18: Building] INFO  o.a.m.s.f.DefaultMavenResourcesFiltering - skip non existing resourceDirectory E:\Invoice-Proccessing-System\server\src\test\resources
2024-12-28 16:44:43,997 [Worker-18: Building] INFO  o.a.m.s.f.DefaultMavenResourcesFiltering - Copying 1 resource from src\main\resources to target\classes
2024-12-28 16:44:44,003 [Worker-18: Building] INFO  o.a.m.s.f.DefaultMavenResourcesFiltering - Copying 0 resource from src\main\resources to target\classes
2024-12-28 16:44:44,009 [Worker-18: Building] INFO  o.a.m.s.f.DefaultMavenResourcesFiltering - skip non existing resourceDirectory E:\Invoice-Proccessing-System\server\src\test\resources
2024-12-28 16:45:53,501 [Worker-19: Building] INFO  o.a.m.s.f.DefaultMavenResourcesFiltering - Copying 1 resource from src\main\resources to target\classes
2024-12-28 16:45:53,507 [Worker-19: Building] INFO  o.a.m.s.f.DefaultMavenResourcesFiltering - Copying 0 resource from src\main\resources to target\classes
2024-12-28 16:45:53,512 [Worker-19: Building] INFO  o.a.m.s.f.DefaultMavenResourcesFiltering - skip non existing resourceDirectory E:\Invoice-Proccessing-System\server\src\test\resources
2024-12-28 16:46:20,267 [Worker-21: Building] INFO  o.a.m.s.f.DefaultMavenResourcesFiltering - Copying 1 resource from src\main\resources to target\classes
2024-12-28 16:46:20,276 [Worker-21: Building] INFO  o.a.m.s.f.DefaultMavenResourcesFiltering - Copying 0 resource from src\main\resources to target\classes
2024-12-28 16:46:20,282 [Worker-21: Building] INFO  o.a.m.s.f.DefaultMavenResourcesFiltering - skip non existing resourceDirectory E:\Invoice-Proccessing-System\server\src\test\resources
2024-12-28 16:47:03,109 [Worker-19: Building] INFO  o.a.m.s.f.DefaultMavenResourcesFiltering - Copying 1 resource from src\main\resources to target\classes
2024-12-28 16:47:03,117 [Worker-19: Building] INFO  o.a.m.s.f.DefaultMavenResourcesFiltering - Copying 0 resource from src\main\resources to target\classes
2024-12-28 16:47:03,123 [Worker-19: Building] INFO  o.a.m.s.f.DefaultMavenResourcesFiltering - skip non existing resourceDirectory E:\Invoice-Proccessing-System\server\src\test\resources
2024-12-28 16:48:00,879 [Worker-0: Building] INFO  o.a.m.s.f.DefaultMavenResourcesFiltering - Copying 1 resource from src\main\resources to target\classes
2024-12-28 16:48:00,888 [Worker-0: Building] INFO  o.a.m.s.f.DefaultMavenResourcesFiltering - Copying 0 resource from src\main\resources to target\classes
2024-12-28 16:48:00,895 [Worker-0: Building] INFO  o.a.m.s.f.DefaultMavenResourcesFiltering - skip non existing resourceDirectory E:\Invoice-Proccessing-System\server\src\test\resources
2024-12-28 16:48:16,776 [Worker-18: Building] INFO  o.a.m.s.f.DefaultMavenResourcesFiltering - Copying 1 resource from src\main\resources to target\classes
2024-12-28 16:48:16,783 [Worker-18: Building] INFO  o.a.m.s.f.DefaultMavenResourcesFiltering - Copying 0 resource from src\main\resources to target\classes
2024-12-28 16:48:16,790 [Worker-18: Building] INFO  o.a.m.s.f.DefaultMavenResourcesFiltering - skip non existing resourceDirectory E:\Invoice-Proccessing-System\server\src\test\resources
2024-12-28 16:49:07,618 [Worker-0: Building] INFO  o.a.m.s.f.DefaultMavenResourcesFiltering - Copying 1 resource from src\main\resources to target\classes
2024-12-28 16:49:07,630 [Worker-0: Building] INFO  o.a.m.s.f.DefaultMavenResourcesFiltering - Copying 0 resource from src\main\resources to target\classes
2024-12-28 16:49:07,635 [Worker-0: Building] INFO  o.a.m.s.f.DefaultMavenResourcesFiltering - skip non existing resourceDirectory E:\Invoice-Proccessing-System\server\src\test\resources
2024-12-28 16:49:29,391 [Worker-17: Building] INFO  o.a.m.s.f.DefaultMavenResourcesFiltering - Copying 1 resource from src\main\resources to target\classes
2024-12-28 16:49:29,415 [Worker-17: Building] INFO  o.a.m.s.f.DefaultMavenResourcesFiltering - Copying 0 resource from src\main\resources to target\classes
2024-12-28 16:49:29,428 [Worker-17: Building] INFO  o.a.m.s.f.DefaultMavenResourcesFiltering - skip non existing resourceDirectory E:\Invoice-Proccessing-System\server\src\test\resources
2024-12-28 16:49:33,821 [Worker-19: Building] INFO  o.a.m.s.f.DefaultMavenResourcesFiltering - Copying 1 resource from src\main\resources to target\classes
2024-12-28 16:49:33,829 [Worker-19: Building] INFO  o.a.m.s.f.DefaultMavenResourcesFiltering - Copying 0 resource from src\main\resources to target\classes
2024-12-28 16:49:33,836 [Worker-19: Building] INFO  o.a.m.s.f.DefaultMavenResourcesFiltering - skip non existing resourceDirectory E:\Invoice-Proccessing-System\server\src\test\resources
2024-12-28 16:49:38,316 [Worker-20: Building] INFO  o.a.m.s.f.DefaultMavenResourcesFiltering - Copying 1 resource from src\main\resources to target\classes
2024-12-28 16:49:38,324 [Worker-20: Building] INFO  o.a.m.s.f.DefaultMavenResourcesFiltering - Copying 0 resource from src\main\resources to target\classes
2024-12-28 16:49:38,329 [Worker-20: Building] INFO  o.a.m.s.f.DefaultMavenResourcesFiltering - skip non existing resourceDirectory E:\Invoice-Proccessing-System\server\src\test\resources
2024-12-28 16:49:47,313 [Worker-11: Building] INFO  o.a.m.s.f.DefaultMavenResourcesFiltering - Copying 1 resource from src\main\resources to target\classes
2024-12-28 16:49:47,325 [Worker-11: Building] INFO  o.a.m.s.f.DefaultMavenResourcesFiltering - Copying 0 resource from src\main\resources to target\classes
2024-12-28 16:49:47,330 [Worker-11: Building] INFO  o.a.m.s.f.DefaultMavenResourcesFiltering - skip non existing resourceDirectory E:\Invoice-Proccessing-System\server\src\test\resources
2024-12-28 16:51:07,776 [Worker-17: Building] INFO  o.a.m.s.f.DefaultMavenResourcesFiltering - Copying 1 resource from src\main\resources to target\classes
2024-12-28 16:51:07,787 [Worker-17: Building] INFO  o.a.m.s.f.DefaultMavenResourcesFiltering - Copying 0 resource from src\main\resources to target\classes
2024-12-28 16:51:07,792 [Worker-17: Building] INFO  o.a.m.s.f.DefaultMavenResourcesFiltering - skip non existing resourceDirectory E:\Invoice-Proccessing-System\server\src\test\resources
2024-12-28 16:52:08,386 [Worker-0: Building] INFO  o.a.m.s.f.DefaultMavenResourcesFiltering - Copying 1 resource from src\main\resources to target\classes
2024-12-28 16:52:08,394 [Worker-0: Building] INFO  o.a.m.s.f.DefaultMavenResourcesFiltering - Copying 0 resource from src\main\resources to target\classes
2024-12-28 16:52:08,402 [Worker-0: Building] INFO  o.a.m.s.f.DefaultMavenResourcesFiltering - skip non existing resourceDirectory E:\Invoice-Proccessing-System\server\src\test\resources
2024-12-28 16:52:36,811 [Worker-18: Building] INFO  o.a.m.s.f.DefaultMavenResourcesFiltering - Copying 1 resource from src\main\resources to target\classes
2024-12-28 16:52:36,817 [Worker-18: Building] INFO  o.a.m.s.f.DefaultMavenResourcesFiltering - Copying 0 resource from src\main\resources to target\classes
2024-12-28 16:52:36,824 [Worker-18: Building] INFO  o.a.m.s.f.DefaultMavenResourcesFiltering - skip non existing resourceDirectory E:\Invoice-Proccessing-System\server\src\test\resources
2024-12-28 16:54:13,916 [Worker-19: Building] INFO  o.a.m.s.f.DefaultMavenResourcesFiltering - Copying 1 resource from src\main\resources to target\classes
2024-12-28 16:54:13,929 [Worker-19: Building] INFO  o.a.m.s.f.DefaultMavenResourcesFiltering - Copying 0 resource from src\main\resources to target\classes
2024-12-28 16:54:13,940 [Worker-19: Building] INFO  o.a.m.s.f.DefaultMavenResourcesFiltering - skip non existing resourceDirectory E:\Invoice-Proccessing-System\server\src\test\resources
2024-12-28 16:54:44,707 [Worker-21: Building] INFO  o.a.m.s.f.DefaultMavenResourcesFiltering - Copying 1 resource from src\main\resources to target\classes
2024-12-28 16:54:44,714 [Worker-21: Building] INFO  o.a.m.s.f.DefaultMavenResourcesFiltering - Copying 0 resource from src\main\resources to target\classes
2024-12-28 16:54:44,720 [Worker-21: Building] INFO  o.a.m.s.f.DefaultMavenResourcesFiltering - skip non existing resourceDirectory E:\Invoice-Proccessing-System\server\src\test\resources
2024-12-28 16:54:47,033 [Worker-17: Building] INFO  o.a.m.s.f.DefaultMavenResourcesFiltering - Copying 1 resource from src\main\resources to target\classes
2024-12-28 16:54:47,046 [Worker-17: Building] INFO  o.a.m.s.f.DefaultMavenResourcesFiltering - Copying 0 resource from src\main\resources to target\classes
2024-12-28 16:54:47,056 [Worker-17: Building] INFO  o.a.m.s.f.DefaultMavenResourcesFiltering - skip non existing resourceDirectory E:\Invoice-Proccessing-System\server\src\test\resources
2024-12-28 17:01:57,456 [Worker-23: Building] INFO  o.a.m.s.f.DefaultMavenResourcesFiltering - Copying 1 resource from src\main\resources to target\classes
2024-12-28 17:01:57,624 [Worker-23: Building] INFO  o.a.m.s.f.DefaultMavenResourcesFiltering - Copying 0 resource from src\main\resources to target\classes
2024-12-28 17:01:57,633 [Worker-23: Building] INFO  o.a.m.s.f.DefaultMavenResourcesFiltering - skip non existing resourceDirectory E:\Invoice-Proccessing-System\server\src\test\resources
2024-12-28 17:09:16,936 [main] INFO  o.e.m2e.actions.ExecutePomAction - Creating new launch configuration
2024-12-28 17:09:31,852 [Worker-25: Launching server] INFO  o.eclipse.m2e.core.internal.Bundles - getClasspathEntries(Bundle=org.eclipse.m2e.maven.runtime_3.9.700.20240602-2313 [853])
2024-12-28 17:09:31,957 [Worker-25: Launching server] INFO  o.eclipse.m2e.core.internal.Bundles - 	Entry: D:\Software\sts-4.21.1.RELEASE\plugins\org.eclipse.m2e.maven.runtime_3.9.700.20240602-2313
2024-12-28 17:09:31,958 [Worker-25: Launching server] INFO  o.eclipse.m2e.core.internal.Bundles - 	Entry: D:\Software\sts-4.21.1.RELEASE\plugins\org.eclipse.m2e.maven.runtime_3.9.700.20240602-2313\jars\aopalliance-1.0.jar
2024-12-28 17:09:31,958 [Worker-25: Launching server] INFO  o.eclipse.m2e.core.internal.Bundles - 	Entry: D:\Software\sts-4.21.1.RELEASE\plugins\org.eclipse.m2e.maven.runtime_3.9.700.20240602-2313\jars\guice-5.1.0.jar
2024-12-28 17:09:31,958 [Worker-25: Launching server] INFO  o.eclipse.m2e.core.internal.Bundles - 	Entry: D:\Software\sts-4.21.1.RELEASE\plugins\org.eclipse.m2e.maven.runtime_3.9.700.20240602-2313\jars\httpclient-4.5.14.jar
2024-12-28 17:09:31,958 [Worker-25: Launching server] INFO  o.eclipse.m2e.core.internal.Bundles - 	Entry: D:\Software\sts-4.21.1.RELEASE\plugins\org.eclipse.m2e.maven.runtime_3.9.700.20240602-2313\jars\httpcore-4.4.16.jar
2024-12-28 17:09:31,958 [Worker-25: Launching server] INFO  o.eclipse.m2e.core.internal.Bundles - 	Entry: D:\Software\sts-4.21.1.RELEASE\plugins\org.eclipse.m2e.maven.runtime_3.9.700.20240602-2313\jars\jansi-2.4.1.jar
2024-12-28 17:09:31,959 [Worker-25: Launching server] INFO  o.eclipse.m2e.core.internal.Bundles - 	Entry: D:\Software\sts-4.21.1.RELEASE\plugins\org.eclipse.m2e.maven.runtime_3.9.700.20240602-2313\jars\jcl-over-slf4j-1.7.36.jar
2024-12-28 17:09:31,959 [Worker-25: Launching server] INFO  o.eclipse.m2e.core.internal.Bundles - 	Entry: D:\Software\sts-4.21.1.RELEASE\plugins\org.eclipse.m2e.maven.runtime_3.9.700.20240602-2313\jars\maven-artifact-3.9.7.jar
2024-12-28 17:09:31,959 [Worker-25: Launching server] INFO  o.eclipse.m2e.core.internal.Bundles - 	Entry: D:\Software\sts-4.21.1.RELEASE\plugins\org.eclipse.m2e.maven.runtime_3.9.700.20240602-2313\jars\maven-builder-support-3.9.7.jar
2024-12-28 17:09:31,959 [Worker-25: Launching server] INFO  o.eclipse.m2e.core.internal.Bundles - 	Entry: D:\Software\sts-4.21.1.RELEASE\plugins\org.eclipse.m2e.maven.runtime_3.9.700.20240602-2313\jars\maven-compat-3.9.7.jar
2024-12-28 17:09:31,959 [Worker-25: Launching server] INFO  o.eclipse.m2e.core.internal.Bundles - 	Entry: D:\Software\sts-4.21.1.RELEASE\plugins\org.eclipse.m2e.maven.runtime_3.9.700.20240602-2313\jars\maven-core-3.9.7.jar
2024-12-28 17:09:31,960 [Worker-25: Launching server] INFO  o.eclipse.m2e.core.internal.Bundles - 	Entry: D:\Software\sts-4.21.1.RELEASE\plugins\org.eclipse.m2e.maven.runtime_3.9.700.20240602-2313\jars\maven-embedder-3.9.7.jar
2024-12-28 17:09:31,960 [Worker-25: Launching server] INFO  o.eclipse.m2e.core.internal.Bundles - 	Entry: D:\Software\sts-4.21.1.RELEASE\plugins\org.eclipse.m2e.maven.runtime_3.9.700.20240602-2313\jars\maven-model-3.9.7.jar
2024-12-28 17:09:31,960 [Worker-25: Launching server] INFO  o.eclipse.m2e.core.internal.Bundles - 	Entry: D:\Software\sts-4.21.1.RELEASE\plugins\org.eclipse.m2e.maven.runtime_3.9.700.20240602-2313\jars\maven-model-builder-3.9.7.jar
2024-12-28 17:09:31,960 [Worker-25: Launching server] INFO  o.eclipse.m2e.core.internal.Bundles - 	Entry: D:\Software\sts-4.21.1.RELEASE\plugins\org.eclipse.m2e.maven.runtime_3.9.700.20240602-2313\jars\maven-plugin-api-3.9.7.jar
2024-12-28 17:09:31,960 [Worker-25: Launching server] INFO  o.eclipse.m2e.core.internal.Bundles - 	Entry: D:\Software\sts-4.21.1.RELEASE\plugins\org.eclipse.m2e.maven.runtime_3.9.700.20240602-2313\jars\maven-repository-metadata-3.9.7.jar
2024-12-28 17:09:31,960 [Worker-25: Launching server] INFO  o.eclipse.m2e.core.internal.Bundles - 	Entry: D:\Software\sts-4.21.1.RELEASE\plugins\org.eclipse.m2e.maven.runtime_3.9.700.20240602-2313\jars\maven-resolver-api-1.9.20.jar
2024-12-28 17:09:31,961 [Worker-25: Launching server] INFO  o.eclipse.m2e.core.internal.Bundles - 	Entry: D:\Software\sts-4.21.1.RELEASE\plugins\org.eclipse.m2e.maven.runtime_3.9.700.20240602-2313\jars\maven-resolver-connector-basic-1.9.20.jar
2024-12-28 17:09:31,961 [Worker-25: Launching server] INFO  o.eclipse.m2e.core.internal.Bundles - 	Entry: D:\Software\sts-4.21.1.RELEASE\plugins\org.eclipse.m2e.maven.runtime_3.9.700.20240602-2313\jars\maven-resolver-impl-1.9.20.jar
2024-12-28 17:09:31,961 [Worker-25: Launching server] INFO  o.eclipse.m2e.core.internal.Bundles - 	Entry: D:\Software\sts-4.21.1.RELEASE\plugins\org.eclipse.m2e.maven.runtime_3.9.700.20240602-2313\jars\maven-resolver-named-locks-1.9.20.jar
2024-12-28 17:09:31,961 [Worker-25: Launching server] INFO  o.eclipse.m2e.core.internal.Bundles - 	Entry: D:\Software\sts-4.21.1.RELEASE\plugins\org.eclipse.m2e.maven.runtime_3.9.700.20240602-2313\jars\maven-resolver-provider-3.9.7.jar
2024-12-28 17:09:31,962 [Worker-25: Launching server] INFO  o.eclipse.m2e.core.internal.Bundles - 	Entry: D:\Software\sts-4.21.1.RELEASE\plugins\org.eclipse.m2e.maven.runtime_3.9.700.20240602-2313\jars\maven-resolver-spi-1.9.20.jar
2024-12-28 17:09:31,962 [Worker-25: Launching server] INFO  o.eclipse.m2e.core.internal.Bundles - 	Entry: D:\Software\sts-4.21.1.RELEASE\plugins\org.eclipse.m2e.maven.runtime_3.9.700.20240602-2313\jars\maven-resolver-transport-file-1.9.20.jar
2024-12-28 17:09:31,962 [Worker-25: Launching server] INFO  o.eclipse.m2e.core.internal.Bundles - 	Entry: D:\Software\sts-4.21.1.RELEASE\plugins\org.eclipse.m2e.maven.runtime_3.9.700.20240602-2313\jars\maven-resolver-transport-http-1.9.20.jar
2024-12-28 17:09:31,962 [Worker-25: Launching server] INFO  o.eclipse.m2e.core.internal.Bundles - 	Entry: D:\Software\sts-4.21.1.RELEASE\plugins\org.eclipse.m2e.maven.runtime_3.9.700.20240602-2313\jars\maven-resolver-transport-wagon-1.9.20.jar
2024-12-28 17:09:31,962 [Worker-25: Launching server] INFO  o.eclipse.m2e.core.internal.Bundles - 	Entry: D:\Software\sts-4.21.1.RELEASE\plugins\org.eclipse.m2e.maven.runtime_3.9.700.20240602-2313\jars\maven-resolver-util-1.9.20.jar
2024-12-28 17:09:31,963 [Worker-25: Launching server] INFO  o.eclipse.m2e.core.internal.Bundles - 	Entry: D:\Software\sts-4.21.1.RELEASE\plugins\org.eclipse.m2e.maven.runtime_3.9.700.20240602-2313\jars\maven-settings-3.9.7.jar
2024-12-28 17:09:31,963 [Worker-25: Launching server] INFO  o.eclipse.m2e.core.internal.Bundles - 	Entry: D:\Software\sts-4.21.1.RELEASE\plugins\org.eclipse.m2e.maven.runtime_3.9.700.20240602-2313\jars\maven-settings-builder-3.9.7.jar
2024-12-28 17:09:31,963 [Worker-25: Launching server] INFO  o.eclipse.m2e.core.internal.Bundles - 	Entry: D:\Software\sts-4.21.1.RELEASE\plugins\org.eclipse.m2e.maven.runtime_3.9.700.20240602-2313\jars\maven-shared-utils-3.4.2.jar
2024-12-28 17:09:31,963 [Worker-25: Launching server] INFO  o.eclipse.m2e.core.internal.Bundles - 	Entry: D:\Software\sts-4.21.1.RELEASE\plugins\org.eclipse.m2e.maven.runtime_3.9.700.20240602-2313\jars\org.eclipse.sisu.inject-0.9.0.M2.jar
2024-12-28 17:09:31,963 [Worker-25: Launching server] INFO  o.eclipse.m2e.core.internal.Bundles - 	Entry: D:\Software\sts-4.21.1.RELEASE\plugins\org.eclipse.m2e.maven.runtime_3.9.700.20240602-2313\jars\org.eclipse.sisu.plexus-0.9.0.M2.jar
2024-12-28 17:09:31,963 [Worker-25: Launching server] INFO  o.eclipse.m2e.core.internal.Bundles - 	Entry: D:\Software\sts-4.21.1.RELEASE\plugins\org.eclipse.m2e.maven.runtime_3.9.700.20240602-2313\jars\plexus-build-api-0.0.7.jar
2024-12-28 17:09:31,964 [Worker-25: Launching server] INFO  o.eclipse.m2e.core.internal.Bundles - 	Entry: D:\Software\sts-4.21.1.RELEASE\plugins\org.eclipse.m2e.maven.runtime_3.9.700.20240602-2313\jars\plexus-build-api-1.2.0.jar
2024-12-28 17:09:31,964 [Worker-25: Launching server] INFO  o.eclipse.m2e.core.internal.Bundles - 	Entry: D:\Software\sts-4.21.1.RELEASE\plugins\org.eclipse.m2e.maven.runtime_3.9.700.20240602-2313\jars\plexus-cipher-2.0.jar
2024-12-28 17:09:31,964 [Worker-25: Launching server] INFO  o.eclipse.m2e.core.internal.Bundles - 	Entry: D:\Software\sts-4.21.1.RELEASE\plugins\org.eclipse.m2e.maven.runtime_3.9.700.20240602-2313\jars\plexus-classworlds-2.8.0.jar
2024-12-28 17:09:31,965 [Worker-25: Launching server] INFO  o.eclipse.m2e.core.internal.Bundles - 	Entry: D:\Software\sts-4.21.1.RELEASE\plugins\org.eclipse.m2e.maven.runtime_3.9.700.20240602-2313\jars\plexus-component-annotations-2.1.0.jar
2024-12-28 17:09:31,965 [Worker-25: Launching server] INFO  o.eclipse.m2e.core.internal.Bundles - 	Entry: D:\Software\sts-4.21.1.RELEASE\plugins\org.eclipse.m2e.maven.runtime_3.9.700.20240602-2313\jars\plexus-interpolation-1.27.jar
2024-12-28 17:09:31,965 [Worker-25: Launching server] INFO  o.eclipse.m2e.core.internal.Bundles - 	Entry: D:\Software\sts-4.21.1.RELEASE\plugins\org.eclipse.m2e.maven.runtime_3.9.700.20240602-2313\jars\plexus-sec-dispatcher-2.0.jar
2024-12-28 17:09:31,965 [Worker-25: Launching server] INFO  o.eclipse.m2e.core.internal.Bundles - 	Entry: D:\Software\sts-4.21.1.RELEASE\plugins\org.eclipse.m2e.maven.runtime_3.9.700.20240602-2313\jars\plexus-utils-3.5.1.jar
2024-12-28 17:09:31,965 [Worker-25: Launching server] INFO  o.eclipse.m2e.core.internal.Bundles - 	Entry: D:\Software\sts-4.21.1.RELEASE\plugins\org.eclipse.m2e.maven.runtime_3.9.700.20240602-2313\jars\wagon-file-3.5.3.jar
2024-12-28 17:09:31,965 [Worker-25: Launching server] INFO  o.eclipse.m2e.core.internal.Bundles - 	Entry: D:\Software\sts-4.21.1.RELEASE\plugins\org.eclipse.m2e.maven.runtime_3.9.700.20240602-2313\jars\wagon-http-3.5.3.jar
2024-12-28 17:09:31,965 [Worker-25: Launching server] INFO  o.eclipse.m2e.core.internal.Bundles - 	Entry: D:\Software\sts-4.21.1.RELEASE\plugins\org.eclipse.m2e.maven.runtime_3.9.700.20240602-2313\jars\wagon-http-shared-3.5.3.jar
2024-12-28 17:09:31,966 [Worker-25: Launching server] INFO  o.eclipse.m2e.core.internal.Bundles - 	Entry: D:\Software\sts-4.21.1.RELEASE\plugins\org.eclipse.m2e.maven.runtime_3.9.700.20240602-2313\jars\wagon-provider-api-3.5.3.jar
2024-12-28 17:09:31,967 [Worker-25: Launching server] INFO  o.eclipse.m2e.core.internal.Bundles - getClasspathEntries(Bundle=com.google.guava_33.2.0.jre [598])
2024-12-28 17:09:31,968 [Worker-25: Launching server] INFO  o.eclipse.m2e.core.internal.Bundles - 	Entry: D:\Software\sts-4.21.1.RELEASE\plugins\com.google.guava_33.2.0.jre.jar
2024-12-28 17:09:31,968 [Worker-25: Launching server] INFO  o.eclipse.m2e.core.internal.Bundles - getClasspathEntries(Bundle=slf4j.api_2.0.13 [998])
2024-12-28 17:09:31,969 [Worker-25: Launching server] INFO  o.eclipse.m2e.core.internal.Bundles - 	Entry: D:\Software\sts-4.21.1.RELEASE\plugins\slf4j.api_2.0.13.jar
2024-12-28 17:09:31,969 [Worker-25: Launching server] INFO  o.eclipse.m2e.core.internal.Bundles - getClasspathEntries(Bundle=jakarta.inject.jakarta.inject-api_1.0.5 [41])
2024-12-28 17:09:31,969 [Worker-25: Launching server] INFO  o.eclipse.m2e.core.internal.Bundles - 	Entry: D:\Software\sts-4.21.1.RELEASE\plugins\jakarta.inject.jakarta.inject-api_1.0.5.jar
2024-12-28 17:09:31,969 [Worker-25: Launching server] INFO  o.eclipse.m2e.core.internal.Bundles - getClasspathEntries(Bundle=javax.annotation_1.3.5.v20200909-1856 [609])
2024-12-28 17:09:31,970 [Worker-25: Launching server] INFO  o.eclipse.m2e.core.internal.Bundles - 	Entry: D:\Software\sts-4.21.1.RELEASE\plugins\javax.annotation_1.3.5.v20200909-1856.jar
2024-12-28 17:09:31,970 [Worker-25: Launching server] INFO  o.eclipse.m2e.core.internal.Bundles - getClasspathEntries(Bundle=org.apache.commons.cli_1.8.0 [626])
2024-12-28 17:09:31,970 [Worker-25: Launching server] INFO  o.eclipse.m2e.core.internal.Bundles - 	Entry: D:\Software\sts-4.21.1.RELEASE\plugins\org.apache.commons.cli_1.8.0.jar
2024-12-28 17:09:31,970 [Worker-25: Launching server] INFO  o.eclipse.m2e.core.internal.Bundles - getClasspathEntries(Bundle=org.apache.commons.commons-codec_1.16.0 [73])
2024-12-28 17:09:31,971 [Worker-25: Launching server] INFO  o.eclipse.m2e.core.internal.Bundles - 	Entry: D:\Software\sts-4.21.1.RELEASE\plugins\org.apache.commons.commons-codec_1.16.0.jar
2024-12-28 17:09:31,971 [Worker-25: Launching server] INFO  o.eclipse.m2e.core.internal.Bundles - getClasspathEntries(Bundle=org.apache.commons.lang3_3.14.0 [629])
2024-12-28 17:09:31,971 [Worker-25: Launching server] INFO  o.eclipse.m2e.core.internal.Bundles - 	Entry: D:\Software\sts-4.21.1.RELEASE\plugins\org.apache.commons.lang3_3.14.0.jar
2024-12-28 17:09:31,971 [Worker-25: Launching server] INFO  o.eclipse.m2e.core.internal.Bundles - getClasspathEntries(Bundle=com.google.guava.failureaccess_1.0.2 [27])
2024-12-28 17:09:31,972 [Worker-25: Launching server] INFO  o.eclipse.m2e.core.internal.Bundles - 	Entry: D:\Software\sts-4.21.1.RELEASE\plugins\com.google.guava.failureaccess_1.0.2.jar
2024-12-28 17:09:31,978 [Worker-25: Launching server] INFO  o.e.m.i.launch.MavenLaunchDelegate - Run build in "E:\Invoice-Proccessing-System\server":
2024-12-28 17:09:32,031 [Worker-25: Launching server] INFO  o.e.m.i.launch.MavenLaunchDelegate -  mvn  -B -Dstyle.color=always clean package
2024-12-28 17:09:32,078 [Worker-29: Building] INFO  o.a.m.s.f.DefaultMavenResourcesFiltering - Copying 1 resource from src\main\resources to target\classes
2024-12-28 17:09:32,102 [Worker-29: Building] INFO  o.a.m.s.f.DefaultMavenResourcesFiltering - Copying 0 resource from src\main\resources to target\classes
2024-12-28 17:09:32,109 [Worker-29: Building] INFO  o.a.m.s.f.DefaultMavenResourcesFiltering - skip non existing resourceDirectory E:\Invoice-Proccessing-System\server\src\test\resources
2024-12-28 17:28:40,466 [Worker-33: Building] INFO  o.a.m.s.f.DefaultMavenResourcesFiltering - Copying 1 resource from src\main\resources to target\classes
2024-12-28 17:28:40,480 [Worker-33: Building] INFO  o.a.m.s.f.DefaultMavenResourcesFiltering - Copying 0 resource from src\main\resources to target\classes
2024-12-28 17:28:40,486 [Worker-33: Building] INFO  o.a.m.s.f.DefaultMavenResourcesFiltering - skip non existing resourceDirectory E:\Invoice-Proccessing-System\server\src\test\resources
2024-12-28 17:30:59,634 [Worker-37: Building] INFO  o.a.m.s.f.DefaultMavenResourcesFiltering - Copying 1 resource from src\main\resources to target\classes
2024-12-28 17:30:59,657 [Worker-37: Building] INFO  o.a.m.s.f.DefaultMavenResourcesFiltering - Copying 0 resource from src\main\resources to target\classes
2024-12-28 17:30:59,666 [Worker-37: Building] INFO  o.a.m.s.f.DefaultMavenResourcesFiltering - skip non existing resourceDirectory E:\Invoice-Proccessing-System\server\src\test\resources
2024-12-28 17:30:59,673 [Worker-37: Building] INFO  o.e.m.w.i.f.ResourceFilteringBuildParticipant - Changed resources require a complete clean of filtered resources of server
2024-12-28 17:30:59,675 [Worker-37: Building] INFO  o.e.m.w.i.f.ResourceFilteringBuildParticipant - Executing resource filtering for server
2024-12-28 18:17:58,247 [Worker-45: Building] INFO  o.a.m.s.f.DefaultMavenResourcesFiltering - Copying 1 resource from src\main\resources to target\classes
2024-12-28 18:17:58,275 [Worker-45: Building] INFO  o.a.m.s.f.DefaultMavenResourcesFiltering - Copying 0 resource from src\main\resources to target\classes
2024-12-28 18:17:58,282 [Worker-45: Building] INFO  o.a.m.s.f.DefaultMavenResourcesFiltering - skip non existing resourceDirectory E:\Invoice-Proccessing-System\server\src\test\resources
2024-12-28 18:18:38,840 [Worker-41: Building] INFO  o.a.m.s.f.DefaultMavenResourcesFiltering - Copying 1 resource from src\main\resources to target\classes
2024-12-28 18:18:38,848 [Worker-41: Building] INFO  o.a.m.s.f.DefaultMavenResourcesFiltering - Copying 0 resource from src\main\resources to target\classes
2024-12-28 18:18:38,853 [Worker-41: Building] INFO  o.a.m.s.f.DefaultMavenResourcesFiltering - skip non existing resourceDirectory E:\Invoice-Proccessing-System\server\src\test\resources
2024-12-28 18:19:01,462 [Worker-33: Building] INFO  o.a.m.s.f.DefaultMavenResourcesFiltering - Copying 1 resource from src\main\resources to target\classes
2024-12-28 18:19:01,472 [Worker-33: Building] INFO  o.a.m.s.f.DefaultMavenResourcesFiltering - Copying 0 resource from src\main\resources to target\classes
2024-12-28 18:19:01,478 [Worker-33: Building] INFO  o.a.m.s.f.DefaultMavenResourcesFiltering - skip non existing resourceDirectory E:\Invoice-Proccessing-System\server\src\test\resources
2024-12-28 18:19:27,275 [Worker-43: Building] INFO  o.a.m.s.f.DefaultMavenResourcesFiltering - Copying 1 resource from src\main\resources to target\classes
2024-12-28 18:19:27,283 [Worker-43: Building] INFO  o.a.m.s.f.DefaultMavenResourcesFiltering - Copying 0 resource from src\main\resources to target\classes
2024-12-28 18:19:27,289 [Worker-43: Building] INFO  o.a.m.s.f.DefaultMavenResourcesFiltering - skip non existing resourceDirectory E:\Invoice-Proccessing-System\server\src\test\resources
2024-12-28 18:22:14,430 [Worker-46: Building] INFO  o.a.m.s.f.DefaultMavenResourcesFiltering - Copying 1 resource from src\main\resources to target\classes
2024-12-28 18:22:14,438 [Worker-46: Building] INFO  o.a.m.s.f.DefaultMavenResourcesFiltering - Copying 0 resource from src\main\resources to target\classes
2024-12-28 18:22:14,442 [Worker-46: Building] INFO  o.a.m.s.f.DefaultMavenResourcesFiltering - skip non existing resourceDirectory E:\Invoice-Proccessing-System\server\src\test\resources
2024-12-28 18:22:22,188 [Worker-46: Building] INFO  o.a.m.s.f.DefaultMavenResourcesFiltering - Copying 1 resource from src\main\resources to target\classes
2024-12-28 18:22:22,199 [Worker-46: Building] INFO  o.a.m.s.f.DefaultMavenResourcesFiltering - Copying 0 resource from src\main\resources to target\classes
2024-12-28 18:22:22,204 [Worker-46: Building] INFO  o.a.m.s.f.DefaultMavenResourcesFiltering - skip non existing resourceDirectory E:\Invoice-Proccessing-System\server\src\test\resources
2024-12-28 19:36:55,545 [Worker-55: Building] INFO  o.a.m.s.f.DefaultMavenResourcesFiltering - Copying 1 resource from src\main\resources to target\classes
2024-12-28 19:36:55,586 [Worker-55: Building] INFO  o.a.m.s.f.DefaultMavenResourcesFiltering - Copying 0 resource from src\main\resources to target\classes
2024-12-28 19:36:55,601 [Worker-55: Building] INFO  o.a.m.s.f.DefaultMavenResourcesFiltering - skip non existing resourceDirectory E:\Invoice-Proccessing-System\server\src\test\resources
2024-12-28 19:37:15,588 [Worker-59: Building] INFO  o.a.m.s.f.DefaultMavenResourcesFiltering - Copying 1 resource from src\main\resources to target\classes
2024-12-28 19:37:15,751 [Worker-59: Building] INFO  o.a.m.s.f.DefaultMavenResourcesFiltering - Copying 0 resource from src\main\resources to target\classes
2024-12-28 19:37:15,757 [Worker-59: Building] INFO  o.a.m.s.f.DefaultMavenResourcesFiltering - skip non existing resourceDirectory E:\Invoice-Proccessing-System\server\src\test\resources
2024-12-28 19:38:29,321 [Worker-57: Building] INFO  o.a.m.s.f.DefaultMavenResourcesFiltering - Copying 1 resource from src\main\resources to target\classes
2024-12-28 19:38:29,337 [Worker-57: Building] INFO  o.a.m.s.f.DefaultMavenResourcesFiltering - Copying 0 resource from src\main\resources to target\classes
2024-12-28 19:38:29,354 [Worker-57: Building] INFO  o.a.m.s.f.DefaultMavenResourcesFiltering - skip non existing resourceDirectory E:\Invoice-Proccessing-System\server\src\test\resources
2024-12-28 19:38:54,044 [Worker-59: Building] INFO  o.a.m.s.f.DefaultMavenResourcesFiltering - Copying 1 resource from src\main\resources to target\classes
2024-12-28 19:38:54,052 [Worker-59: Building] INFO  o.a.m.s.f.DefaultMavenResourcesFiltering - Copying 0 resource from src\main\resources to target\classes
2024-12-28 19:38:54,058 [Worker-59: Building] INFO  o.a.m.s.f.DefaultMavenResourcesFiltering - skip non existing resourceDirectory E:\Invoice-Proccessing-System\server\src\test\resources
2024-12-28 19:47:49,154 [Worker-62: Building] INFO  o.a.m.s.f.DefaultMavenResourcesFiltering - Copying 1 resource from src\main\resources to target\classes
2024-12-28 19:47:49,185 [Worker-62: Building] INFO  o.a.m.s.f.DefaultMavenResourcesFiltering - Copying 0 resource from src\main\resources to target\classes
2024-12-28 19:47:49,195 [Worker-62: Building] INFO  o.a.m.s.f.DefaultMavenResourcesFiltering - skip non existing resourceDirectory E:\Invoice-Proccessing-System\server\src\test\resources
2024-12-28 19:47:57,888 [Worker-53: Building] INFO  o.a.m.s.f.DefaultMavenResourcesFiltering - Copying 1 resource from src\main\resources to target\classes
2024-12-28 19:47:57,904 [Worker-53: Building] INFO  o.a.m.s.f.DefaultMavenResourcesFiltering - Copying 0 resource from src\main\resources to target\classes
2024-12-28 19:47:57,911 [Worker-53: Building] INFO  o.a.m.s.f.DefaultMavenResourcesFiltering - skip non existing resourceDirectory E:\Invoice-Proccessing-System\server\src\test\resources
2024-12-28 19:50:44,342 [Worker-62: Building] INFO  o.a.m.s.f.DefaultMavenResourcesFiltering - Copying 1 resource from src\main\resources to target\classes
2024-12-28 19:50:44,358 [Worker-62: Building] INFO  o.a.m.s.f.DefaultMavenResourcesFiltering - Copying 0 resource from src\main\resources to target\classes
2024-12-28 19:50:44,364 [Worker-62: Building] INFO  o.a.m.s.f.DefaultMavenResourcesFiltering - skip non existing resourceDirectory E:\Invoice-Proccessing-System\server\src\test\resources
2024-12-28 19:51:26,268 [Worker-66: Building] INFO  o.a.m.s.f.DefaultMavenResourcesFiltering - Copying 1 resource from src\main\resources to target\classes
2024-12-28 19:51:26,276 [Worker-66: Building] INFO  o.a.m.s.f.DefaultMavenResourcesFiltering - Copying 0 resource from src\main\resources to target\classes
2024-12-28 19:51:26,281 [Worker-66: Building] INFO  o.a.m.s.f.DefaultMavenResourcesFiltering - skip non existing resourceDirectory E:\Invoice-Proccessing-System\server\src\test\resources
2024-12-28 19:51:44,113 [Worker-53: Building] INFO  o.a.m.s.f.DefaultMavenResourcesFiltering - Copying 1 resource from src\main\resources to target\classes
2024-12-28 19:51:44,119 [Worker-53: Building] INFO  o.a.m.s.f.DefaultMavenResourcesFiltering - Copying 0 resource from src\main\resources to target\classes
2024-12-28 19:51:44,124 [Worker-53: Building] INFO  o.a.m.s.f.DefaultMavenResourcesFiltering - skip non existing resourceDirectory E:\Invoice-Proccessing-System\server\src\test\resources
2024-12-28 19:51:58,897 [Worker-66: Building] INFO  o.a.m.s.f.DefaultMavenResourcesFiltering - Copying 1 resource from src\main\resources to target\classes
2024-12-28 19:51:58,907 [Worker-66: Building] INFO  o.a.m.s.f.DefaultMavenResourcesFiltering - Copying 0 resource from src\main\resources to target\classes
2024-12-28 19:51:58,914 [Worker-66: Building] INFO  o.a.m.s.f.DefaultMavenResourcesFiltering - skip non existing resourceDirectory E:\Invoice-Proccessing-System\server\src\test\resources
2024-12-28 19:53:31,178 [Worker-53: Building] INFO  o.a.m.s.f.DefaultMavenResourcesFiltering - Copying 1 resource from src\main\resources to target\classes
2024-12-28 19:53:31,185 [Worker-53: Building] INFO  o.a.m.s.f.DefaultMavenResourcesFiltering - Copying 0 resource from src\main\resources to target\classes
2024-12-28 19:53:31,197 [Worker-53: Building] INFO  o.a.m.s.f.DefaultMavenResourcesFiltering - skip non existing resourceDirectory E:\Invoice-Proccessing-System\server\src\test\resources
2024-12-28 19:53:44,205 [Worker-66: Building] INFO  o.a.m.s.f.DefaultMavenResourcesFiltering - Copying 1 resource from src\main\resources to target\classes
2024-12-28 19:53:44,220 [Worker-66: Building] INFO  o.a.m.s.f.DefaultMavenResourcesFiltering - Copying 0 resource from src\main\resources to target\classes
2024-12-28 19:53:44,230 [Worker-66: Building] INFO  o.a.m.s.f.DefaultMavenResourcesFiltering - skip non existing resourceDirectory E:\Invoice-Proccessing-System\server\src\test\resources
2024-12-28 19:54:05,994 [Worker-53: Building] INFO  o.a.m.s.f.DefaultMavenResourcesFiltering - Copying 1 resource from src\main\resources to target\classes
2024-12-28 19:54:06,001 [Worker-53: Building] INFO  o.a.m.s.f.DefaultMavenResourcesFiltering - Copying 0 resource from src\main\resources to target\classes
2024-12-28 19:54:06,006 [Worker-53: Building] INFO  o.a.m.s.f.DefaultMavenResourcesFiltering - skip non existing resourceDirectory E:\Invoice-Proccessing-System\server\src\test\resources
2024-12-28 19:57:11,216 [Worker-68: Building] INFO  o.a.m.s.f.DefaultMavenResourcesFiltering - Copying 1 resource from src\main\resources to target\classes
2024-12-28 19:57:11,250 [Worker-68: Building] INFO  o.a.m.s.f.DefaultMavenResourcesFiltering - Copying 0 resource from src\main\resources to target\classes
2024-12-28 19:57:11,261 [Worker-68: Building] INFO  o.a.m.s.f.DefaultMavenResourcesFiltering - skip non existing resourceDirectory E:\Invoice-Proccessing-System\server\src\test\resources
2024-12-28 20:07:07,229 [Worker-73: Building] INFO  o.a.m.s.f.DefaultMavenResourcesFiltering - Copying 1 resource from src\main\resources to target\classes
2024-12-28 20:07:07,237 [Worker-73: Building] INFO  o.a.m.s.f.DefaultMavenResourcesFiltering - Copying 0 resource from src\main\resources to target\classes
2024-12-28 20:07:07,242 [Worker-73: Building] INFO  o.a.m.s.f.DefaultMavenResourcesFiltering - skip non existing resourceDirectory E:\Invoice-Proccessing-System\server\src\test\resources
2024-12-28 20:20:48,166 [Stop Help Server] INFO  org.eclipse.jetty.server.Server - Stopped oejs.Server@1baffee5{STOPPING}[12.0.9,sto=0]
2024-12-28 20:20:48,274 [Stop Help Server] INFO  o.e.jetty.server.AbstractConnector - Stopped ServerConnector@4211e592{HTTP/1.1, (http/1.1)}{127.0.0.1:0}
2024-12-31 17:54:17,733 [Worker-2: Loading available Gradle versions] INFO  o.e.b.c.i.u.g.PublishedGradleVersions - Gradle version information cache is out-of-date. Trying to update.
2025-01-01 18:13:23,226 [Worker-5: Loading available Gradle versions] INFO  o.e.b.c.i.u.g.PublishedGradleVersions - Gradle version information cache is out-of-date. Trying to update.
2025-02-28 15:49:37,235 [Worker-1: Loading available Gradle versions] INFO  o.e.b.c.i.u.g.PublishedGradleVersions - Gradle version information cache is up-to-date. Trying to read.
2025-02-28 15:50:34,802 [Worker-12: Launching server - ServerApplication] INFO  o.a.m.s.f.DefaultMavenResourcesFiltering - Copying 1 resource from src\main\resources to target\classes
2025-02-28 15:50:34,883 [Worker-12: Launching server - ServerApplication] INFO  o.a.m.s.f.DefaultMavenResourcesFiltering - Copying 0 resource from src\main\resources to target\classes
2025-02-28 15:50:34,896 [Worker-12: Launching server - ServerApplication] INFO  o.a.m.s.f.DefaultMavenResourcesFiltering - skip non existing resourceDirectory E:\Invoice-Proccessing-System\server\src\test\resources
2025-02-28 21:40:04,743 [Worker-1: Loading available Gradle versions] INFO  o.e.b.c.i.u.g.PublishedGradleVersions - Gradle version information cache is up-to-date. Trying to read.
